<?xml version="1.0" encoding="UTF-8"?>
<!-- Generated by org.testng.reporters.JUnitXMLReporter -->
<testsuite ignored="0" hostname="DESKTOP-OU8PKGM" failures="0" tests="2" name="Error Validations Test" time="22.745" errors="0" timestamp="2024-05-15T03:07:31 CEST">
  <testcase classname="testautomation.tests.ErrorValidationsTest" name="ProductErrorValidation" time="14.035"/>
  <testcase classname="testautomation.tests.ErrorValidationsTest" name="loginErrorValidation" time="0.452"/>
</testsuite> <!-- Error Validations Test -->
