<?xml version="1.0" encoding="UTF-8"?>
<!-- Generated by org.testng.reporters.JUnitXMLReporter -->
<testsuite ignored="0" hostname="DESKTOP-OU8PKGM" failures="0" tests="4" name="Submit Order Test" time="46.248" errors="0" timestamp="2024-05-15T03:07:54 CEST">
  <testcase classname="testautomation.tests.SubmitOrderTest" name="submitOrder" time="15.453"/>
  <testcase classname="testautomation.tests.SubmitOrderTest" name="submitOrder" time="15.259"/>
  <testcase classname="testautomation.tests.SubmitOrderTest" name="orderHistoryTest" time="0.743"/>
  <testcase classname="testautomation.tests.SubmitOrderTest" name="orderHistoryTest" time="0.721"/>
</testsuite> <!-- Submit Order Test -->
