<?xml version="1.0" encoding="UTF-8"?>
<!-- Generated by org.testng.reporters.JUnitXMLReporter -->
<testsuite ignored="0" hostname="Sabir" failures="0" tests="3" name="Error Validations Test" time="38.474" errors="0" timestamp="2025-07-10T13:21:41 CEST">
  <testcase classname="testautomation.tests.ErrorValidationsTest" name="ProductErrorValidation" time="14.287"/>
  <testcase classname="testautomation.tests.ErrorValidationsTest" name="ProductErrorValidation2" time="14.242"/>
  <testcase classname="testautomation.tests.ErrorValidationsTest" name="loginErrorValidation" time="0.391"/>
</testsuite> <!-- Error Validations Test -->
