<?xml version="1.0" encoding="UTF-8"?>
<!-- Generated by org.testng.reporters.JUnitXMLReporter -->
<testsuite ignored="0" hostname="DESKTOP-OU8PKGM" failures="0" tests="2" name="Error Validations Test" time="29.086" errors="0" timestamp="2024-05-14T05:24:34 CEST">
  <testcase classname="testautomation.tests.ErrorValidationsTest" name="ProductErrorValidation" time="14.875"/>
  <testcase classname="testautomation.tests.ErrorValidationsTest" name="loginErrorValidation" time="0.521"/>
</testsuite> <!-- Error Validations Test -->
