<?xml version="1.0" encoding="UTF-8"?>
<!-- Generated by org.testng.reporters.JUnitXMLReporter -->
<testsuite ignored="0" hostname="DESKTOP-OU8PKGM" failures="0" tests="4" name="Submit Order Test" time="47.959" errors="0" timestamp="2024-05-14T05:24:52 CEST">
  <testcase classname="testautomation.tests.SubmitOrderTest" name="submitOrder" time="17.069"/>
  <testcase classname="testautomation.tests.SubmitOrderTest" name="submitOrder" time="4.465"/>
  <testcase classname="testautomation.tests.SubmitOrderTest" name="orderHistoryTest" time="0.882"/>
  <testcase classname="testautomation.tests.SubmitOrderTest" name="orderHistoryTest" time="1.094"/>
</testsuite> <!-- Submit Order Test -->
