<?xml version="1.0" encoding="UTF-8"?>
<testng-results ignored="0" total="6" passed="6" failed="0" skipped="0">
  <reporter-output>
  </reporter-output>
  <suite started-at="2024-05-14T05:24:04 CEST" name="Suite" finished-at="2024-05-14T05:24:52 CEST" duration-ms="47959">
    <groups>
      <group name="ErrorHandling">
        <method signature="ErrorValidationsTest.loginErrorValidation()[pri:0, instance:testautomation.tests.ErrorValidationsTest@1b66c0fb]" name="loginErrorValidation" class="testautomation.tests.ErrorValidationsTest"/>
      </group> <!-- ErrorHandling -->
      <group name="Purchase">
        <method signature="SubmitOrderTest.submitOrder(java.util.HashMap)[pri:0, instance:testautomation.tests.SubmitOrderTest@66982506]" name="submitOrder" class="testautomation.tests.SubmitOrderTest"/>
        <method signature="SubmitOrderTest.orderHistoryTest(java.util.HashMap)[pri:0, instance:testautomation.tests.SubmitOrderTest@66982506]" name="orderHistoryTest" class="testautomation.tests.SubmitOrderTest"/>
      </group> <!-- Purchase -->
    </groups>
    <test started-at="2024-05-14T05:24:04 CEST" name="Error Validations Test" finished-at="2024-05-14T05:24:33 CEST" duration-ms="29086">
      <class name="testautomation.tests.ErrorValidationsTest">
        <test-method is-config="true" signature="launchApplication()[pri:0, instance:testautomation.tests.ErrorValidationsTest@1b66c0fb]" started-at="2024-05-14T05:24:04 CEST" name="launchApplication" finished-at="2024-05-14T05:24:12 CEST" duration-ms="8533" status="PASS">
          <reporter-output>
          </reporter-output>
        </test-method> <!-- launchApplication -->
        <test-method signature="ProductErrorValidation()[pri:0, instance:testautomation.tests.ErrorValidationsTest@1b66c0fb]" started-at="2024-05-14T05:24:12 CEST" name="ProductErrorValidation" finished-at="2024-05-14T05:24:27 CEST" duration-ms="14875" status="PASS">
          <reporter-output>
          </reporter-output>
        </test-method> <!-- ProductErrorValidation -->
        <test-method is-config="true" signature="tearDown()[pri:0, instance:testautomation.tests.ErrorValidationsTest@1b66c0fb]" started-at="2024-05-14T05:24:27 CEST" name="tearDown" finished-at="2024-05-14T05:24:27 CEST" duration-ms="133" status="PASS">
          <reporter-output>
          </reporter-output>
        </test-method> <!-- tearDown -->
        <test-method is-config="true" signature="launchApplication()[pri:0, instance:testautomation.tests.ErrorValidationsTest@1b66c0fb]" started-at="2024-05-14T05:24:27 CEST" name="launchApplication" finished-at="2024-05-14T05:24:32 CEST" duration-ms="4832" status="PASS">
          <reporter-output>
          </reporter-output>
        </test-method> <!-- launchApplication -->
        <test-method signature="loginErrorValidation()[pri:0, instance:testautomation.tests.ErrorValidationsTest@1b66c0fb]" started-at="2024-05-14T05:24:32 CEST" name="loginErrorValidation" finished-at="2024-05-14T05:24:33 CEST" duration-ms="521" status="PASS">
          <reporter-output>
          </reporter-output>
        </test-method> <!-- loginErrorValidation -->
        <test-method is-config="true" signature="tearDown()[pri:0, instance:testautomation.tests.ErrorValidationsTest@1b66c0fb]" started-at="2024-05-14T05:24:33 CEST" name="tearDown" finished-at="2024-05-14T05:24:33 CEST" duration-ms="138" status="PASS">
          <reporter-output>
          </reporter-output>
        </test-method> <!-- tearDown -->
      </class> <!-- testautomation.tests.ErrorValidationsTest -->
    </test> <!-- Error Validations Test -->
    <test started-at="2024-05-14T05:24:04 CEST" name="Submit Order Test" finished-at="2024-05-14T05:24:52 CEST" duration-ms="47959">
      <class name="testautomation.tests.SubmitOrderTest">
        <test-method is-config="true" signature="launchApplication()[pri:0, instance:testautomation.tests.SubmitOrderTest@66982506]" started-at="2024-05-14T05:24:04 CEST" name="launchApplication" finished-at="2024-05-14T05:24:12 CEST" duration-ms="8398" status="PASS">
          <reporter-output>
          </reporter-output>
        </test-method> <!-- launchApplication -->
        <test-method signature="submitOrder(java.util.HashMap)[pri:0, instance:testautomation.tests.SubmitOrderTest@66982506]" started-at="2024-05-14T05:24:12 CEST" name="submitOrder" data-provider="getData" finished-at="2024-05-14T05:24:29 CEST" duration-ms="17069" status="PASS">
          <params>
            <param index="0">
              <value>
                <![CDATA[{password=Iamking@000, product=ZARA COAT 3, email=anshika@gmail.com}]]>
              </value>
            </param>
          </params>
          <reporter-output>
          </reporter-output>
        </test-method> <!-- submitOrder -->
        <test-method is-config="true" signature="tearDown()[pri:0, instance:testautomation.tests.SubmitOrderTest@66982506]" started-at="2024-05-14T05:24:29 CEST" name="tearDown" finished-at="2024-05-14T05:24:29 CEST" duration-ms="88" status="PASS">
          <reporter-output>
          </reporter-output>
        </test-method> <!-- tearDown -->
        <test-method is-config="true" signature="launchApplication()[pri:0, instance:testautomation.tests.SubmitOrderTest@66982506]" started-at="2024-05-14T05:24:29 CEST" name="launchApplication" finished-at="2024-05-14T05:24:34 CEST" duration-ms="5021" status="PASS">
          <reporter-output>
          </reporter-output>
        </test-method> <!-- launchApplication -->
        <test-method signature="submitOrder(java.util.HashMap)[pri:0, instance:testautomation.tests.SubmitOrderTest@66982506]" started-at="2024-05-14T05:24:34 CEST" name="submitOrder" data-provider="getData" finished-at="2024-05-14T05:24:39 CEST" duration-ms="4465" status="PASS">
          <params>
            <param index="0">
              <value>
                <![CDATA[{password=Test1234, product=ADIDAS ORIGINAL, email=sgnsabir@gmail.com}]]>
              </value>
            </param>
          </params>
          <reporter-output>
          </reporter-output>
        </test-method> <!-- submitOrder -->
        <test-method is-config="true" signature="tearDown()[pri:0, instance:testautomation.tests.SubmitOrderTest@66982506]" started-at="2024-05-14T05:24:39 CEST" name="tearDown" finished-at="2024-05-14T05:24:39 CEST" duration-ms="166" status="PASS">
          <reporter-output>
          </reporter-output>
        </test-method> <!-- tearDown -->
        <test-method is-config="true" signature="launchApplication()[pri:0, instance:testautomation.tests.SubmitOrderTest@66982506]" started-at="2024-05-14T05:24:39 CEST" name="launchApplication" finished-at="2024-05-14T05:24:44 CEST" duration-ms="5168" status="PASS">
          <reporter-output>
          </reporter-output>
        </test-method> <!-- launchApplication -->
        <test-method signature="orderHistoryTest(java.util.HashMap)[pri:0, instance:testautomation.tests.SubmitOrderTest@66982506]" started-at="2024-05-14T05:24:44 CEST" name="orderHistoryTest" data-provider="getData" finished-at="2024-05-14T05:24:45 CEST" depends-on-methods="testautomation.tests.SubmitOrderTest.submitOrder" duration-ms="882" status="PASS">
          <params>
            <param index="0">
              <value>
                <![CDATA[{password=Iamking@000, product=ZARA COAT 3, email=anshika@gmail.com}]]>
              </value>
            </param>
          </params>
          <reporter-output>
          </reporter-output>
        </test-method> <!-- orderHistoryTest -->
        <test-method is-config="true" signature="tearDown()[pri:0, instance:testautomation.tests.SubmitOrderTest@66982506]" started-at="2024-05-14T05:24:45 CEST" name="tearDown" finished-at="2024-05-14T05:24:45 CEST" duration-ms="63" status="PASS">
          <reporter-output>
          </reporter-output>
        </test-method> <!-- tearDown -->
        <test-method is-config="true" signature="launchApplication()[pri:0, instance:testautomation.tests.SubmitOrderTest@66982506]" started-at="2024-05-14T05:24:45 CEST" name="launchApplication" finished-at="2024-05-14T05:24:50 CEST" duration-ms="5243" status="PASS">
          <reporter-output>
          </reporter-output>
        </test-method> <!-- launchApplication -->
        <test-method signature="orderHistoryTest(java.util.HashMap)[pri:0, instance:testautomation.tests.SubmitOrderTest@66982506]" started-at="2024-05-14T05:24:50 CEST" name="orderHistoryTest" data-provider="getData" finished-at="2024-05-14T05:24:51 CEST" depends-on-methods="testautomation.tests.SubmitOrderTest.submitOrder" duration-ms="1094" status="PASS">
          <params>
            <param index="0">
              <value>
                <![CDATA[{password=Test1234, product=ADIDAS ORIGINAL, email=sgnsabir@gmail.com}]]>
              </value>
            </param>
          </params>
          <reporter-output>
          </reporter-output>
        </test-method> <!-- orderHistoryTest -->
        <test-method is-config="true" signature="tearDown()[pri:0, instance:testautomation.tests.SubmitOrderTest@66982506]" started-at="2024-05-14T05:24:51 CEST" name="tearDown" finished-at="2024-05-14T05:24:52 CEST" duration-ms="128" status="PASS">
          <reporter-output>
          </reporter-output>
        </test-method> <!-- tearDown -->
      </class> <!-- testautomation.tests.SubmitOrderTest -->
    </test> <!-- Submit Order Test -->
  </suite> <!-- Suite -->
</testng-results>
