<?xml version="1.0" encoding="UTF-8"?>
<testng-results ignored="0" total="6" passed="6" failed="0" skipped="0">
  <reporter-output>
  </reporter-output>
  <suite started-at="2024-05-15T03:07:08 CEST" name="Suite" finished-at="2024-05-15T03:07:54 CEST" duration-ms="46248">
    <groups>
      <group name="ErrorHandling">
        <method signature="ErrorValidationsTest.loginErrorValidation()[pri:0, instance:testautomation.tests.ErrorValidationsTest@7dc19a70]" name="loginErrorValidation" class="testautomation.tests.ErrorValidationsTest"/>
      </group> <!-- ErrorHandling -->
      <group name="Purchase">
        <method signature="SubmitOrderTest.submitOrder(java.util.HashMap)[pri:0, instance:testautomation.tests.SubmitOrderTest@5745ca0e]" name="submitOrder" class="testautomation.tests.SubmitOrderTest"/>
        <method signature="SubmitOrderTest.orderHistoryTest(java.util.HashMap)[pri:0, instance:testautomation.tests.SubmitOrderTest@5745ca0e]" name="orderHistoryTest" class="testautomation.tests.SubmitOrderTest"/>
      </group> <!-- Purchase -->
    </groups>
    <test started-at="2024-05-15T03:07:08 CEST" name="Error Validations Test" finished-at="2024-05-15T03:07:31 CEST" duration-ms="22745">
      <class name="testautomation.tests.ErrorValidationsTest">
        <test-method is-config="true" signature="launchApplication()[pri:0, instance:testautomation.tests.ErrorValidationsTest@7dc19a70]" started-at="2024-05-15T03:07:08 CEST" name="launchApplication" finished-at="2024-05-15T03:07:13 CEST" duration-ms="5187" status="PASS">
          <reporter-output>
          </reporter-output>
        </test-method> <!-- launchApplication -->
        <test-method signature="ProductErrorValidation()[pri:0, instance:testautomation.tests.ErrorValidationsTest@7dc19a70]" started-at="2024-05-15T03:07:13 CEST" name="ProductErrorValidation" finished-at="2024-05-15T03:07:27 CEST" duration-ms="14035" status="PASS">
          <reporter-output>
          </reporter-output>
        </test-method> <!-- ProductErrorValidation -->
        <test-method is-config="true" signature="tearDown()[pri:0, instance:testautomation.tests.ErrorValidationsTest@7dc19a70]" started-at="2024-05-15T03:07:27 CEST" name="tearDown" finished-at="2024-05-15T03:07:27 CEST" duration-ms="117" status="PASS">
          <reporter-output>
          </reporter-output>
        </test-method> <!-- tearDown -->
        <test-method is-config="true" signature="launchApplication()[pri:0, instance:testautomation.tests.ErrorValidationsTest@7dc19a70]" started-at="2024-05-15T03:07:27 CEST" name="launchApplication" finished-at="2024-05-15T03:07:30 CEST" duration-ms="2838" status="PASS">
          <reporter-output>
          </reporter-output>
        </test-method> <!-- launchApplication -->
        <test-method signature="loginErrorValidation()[pri:0, instance:testautomation.tests.ErrorValidationsTest@7dc19a70]" started-at="2024-05-15T03:07:30 CEST" name="loginErrorValidation" finished-at="2024-05-15T03:07:31 CEST" duration-ms="452" status="PASS">
          <reporter-output>
          </reporter-output>
        </test-method> <!-- loginErrorValidation -->
        <test-method is-config="true" signature="tearDown()[pri:0, instance:testautomation.tests.ErrorValidationsTest@7dc19a70]" started-at="2024-05-15T03:07:31 CEST" name="tearDown" finished-at="2024-05-15T03:07:31 CEST" duration-ms="88" status="PASS">
          <reporter-output>
          </reporter-output>
        </test-method> <!-- tearDown -->
      </class> <!-- testautomation.tests.ErrorValidationsTest -->
    </test> <!-- Error Validations Test -->
    <test started-at="2024-05-15T03:07:08 CEST" name="Submit Order Test" finished-at="2024-05-15T03:07:54 CEST" duration-ms="46248">
      <class name="testautomation.tests.SubmitOrderTest">
        <test-method is-config="true" signature="launchApplication()[pri:0, instance:testautomation.tests.SubmitOrderTest@5745ca0e]" started-at="2024-05-15T03:07:08 CEST" name="launchApplication" finished-at="2024-05-15T03:07:13 CEST" duration-ms="4836" status="PASS">
          <reporter-output>
          </reporter-output>
        </test-method> <!-- launchApplication -->
        <test-method signature="submitOrder(java.util.HashMap)[pri:0, instance:testautomation.tests.SubmitOrderTest@5745ca0e]" started-at="2024-05-15T03:07:13 CEST" name="submitOrder" data-provider="getData" finished-at="2024-05-15T03:07:29 CEST" duration-ms="15453" status="PASS">
          <params>
            <param index="0">
              <value>
                <![CDATA[{password=Iamking@000, product=ZARA COAT 3, email=anshika@gmail.com}]]>
              </value>
            </param>
          </params>
          <reporter-output>
          </reporter-output>
        </test-method> <!-- submitOrder -->
        <test-method is-config="true" signature="tearDown()[pri:0, instance:testautomation.tests.SubmitOrderTest@5745ca0e]" started-at="2024-05-15T03:07:29 CEST" name="tearDown" finished-at="2024-05-15T03:07:29 CEST" duration-ms="79" status="PASS">
          <reporter-output>
          </reporter-output>
        </test-method> <!-- tearDown -->
        <test-method is-config="true" signature="launchApplication()[pri:0, instance:testautomation.tests.SubmitOrderTest@5745ca0e]" started-at="2024-05-15T03:07:29 CEST" name="launchApplication" finished-at="2024-05-15T03:07:32 CEST" duration-ms="2981" status="PASS">
          <reporter-output>
          </reporter-output>
        </test-method> <!-- launchApplication -->
        <test-method signature="submitOrder(java.util.HashMap)[pri:0, instance:testautomation.tests.SubmitOrderTest@5745ca0e]" started-at="2024-05-15T03:07:32 CEST" name="submitOrder" data-provider="getData" finished-at="2024-05-15T03:07:47 CEST" duration-ms="15259" status="PASS">
          <params>
            <param index="0">
              <value>
                <![CDATA[{password=Test1234, product=ADIDAS ORIGINAL, email=sgnsabir@gmail.com}]]>
              </value>
            </param>
          </params>
          <reporter-output>
          </reporter-output>
        </test-method> <!-- submitOrder -->
        <test-method is-config="true" signature="tearDown()[pri:0, instance:testautomation.tests.SubmitOrderTest@5745ca0e]" started-at="2024-05-15T03:07:47 CEST" name="tearDown" finished-at="2024-05-15T03:07:47 CEST" duration-ms="112" status="PASS">
          <reporter-output>
          </reporter-output>
        </test-method> <!-- tearDown -->
        <test-method is-config="true" signature="launchApplication()[pri:0, instance:testautomation.tests.SubmitOrderTest@5745ca0e]" started-at="2024-05-15T03:07:47 CEST" name="launchApplication" finished-at="2024-05-15T03:07:50 CEST" duration-ms="2845" status="PASS">
          <reporter-output>
          </reporter-output>
        </test-method> <!-- launchApplication -->
        <test-method signature="orderHistoryTest(java.util.HashMap)[pri:0, instance:testautomation.tests.SubmitOrderTest@5745ca0e]" started-at="2024-05-15T03:07:50 CEST" name="orderHistoryTest" data-provider="getData" finished-at="2024-05-15T03:07:51 CEST" depends-on-methods="testautomation.tests.SubmitOrderTest.submitOrder" duration-ms="743" status="PASS">
          <params>
            <param index="0">
              <value>
                <![CDATA[{password=Iamking@000, product=ZARA COAT 3, email=anshika@gmail.com}]]>
              </value>
            </param>
          </params>
          <reporter-output>
          </reporter-output>
        </test-method> <!-- orderHistoryTest -->
        <test-method is-config="true" signature="tearDown()[pri:0, instance:testautomation.tests.SubmitOrderTest@5745ca0e]" started-at="2024-05-15T03:07:51 CEST" name="tearDown" finished-at="2024-05-15T03:07:51 CEST" duration-ms="108" status="PASS">
          <reporter-output>
          </reporter-output>
        </test-method> <!-- tearDown -->
        <test-method is-config="true" signature="launchApplication()[pri:0, instance:testautomation.tests.SubmitOrderTest@5745ca0e]" started-at="2024-05-15T03:07:51 CEST" name="launchApplication" finished-at="2024-05-15T03:07:54 CEST" duration-ms="2859" status="PASS">
          <reporter-output>
          </reporter-output>
        </test-method> <!-- launchApplication -->
        <test-method signature="orderHistoryTest(java.util.HashMap)[pri:0, instance:testautomation.tests.SubmitOrderTest@5745ca0e]" started-at="2024-05-15T03:07:54 CEST" name="orderHistoryTest" data-provider="getData" finished-at="2024-05-15T03:07:54 CEST" depends-on-methods="testautomation.tests.SubmitOrderTest.submitOrder" duration-ms="721" status="PASS">
          <params>
            <param index="0">
              <value>
                <![CDATA[{password=Test1234, product=ADIDAS ORIGINAL, email=sgnsabir@gmail.com}]]>
              </value>
            </param>
          </params>
          <reporter-output>
          </reporter-output>
        </test-method> <!-- orderHistoryTest -->
        <test-method is-config="true" signature="tearDown()[pri:0, instance:testautomation.tests.SubmitOrderTest@5745ca0e]" started-at="2024-05-15T03:07:54 CEST" name="tearDown" finished-at="2024-05-15T03:07:54 CEST" duration-ms="63" status="PASS">
          <reporter-output>
          </reporter-output>
        </test-method> <!-- tearDown -->
      </class> <!-- testautomation.tests.SubmitOrderTest -->
    </test> <!-- Submit Order Test -->
  </suite> <!-- Suite -->
</testng-results>
